c:\users\robert\bwapi\server\release\server.pch
c:\users\robert\bwapi\server\release\vc140.pdb
c:\users\robert\bwapi\server\release\stdafx.obj
c:\users\robert\bwapi\server\release\server.obj
c:\users\robert\bwapi\server\release\gamesession.obj
c:\users\robert\bwapi\release\server.exe
c:\users\robert\bwapi\release\server.ipdb
c:\users\robert\bwapi\release\server.iobj
c:\users\robert\bwapi\release\server.pdb
c:\users\robert\bwapi\server\release\vcpkg.applocal.log
c:\users\robert\bwapi\release\cpprest_2_9.dll
c:\users\robert\bwapi\release\boost_system-vc141-mt-1_64.dll
c:\users\robert\bwapi\release\boost_date_time-vc141-mt-1_64.dll
c:\users\robert\bwapi\release\ssleay32.dll
c:\users\robert\bwapi\release\libeay32.dll
c:\users\robert\bwapi\server\release\server.tlog\cl.command.1.tlog
c:\users\robert\bwapi\server\release\server.tlog\cl.read.1.tlog
c:\users\robert\bwapi\server\release\server.tlog\cl.write.1.tlog
c:\users\robert\bwapi\server\release\server.tlog\link.command.1.tlog
c:\users\robert\bwapi\server\release\server.tlog\link.read.1.tlog
c:\users\robert\bwapi\server\release\server.tlog\link.write.1.tlog
c:\users\robert\bwapi\server\release\server.tlog\server.write.1u.tlog
