03/08/2017 13:10:41 16164 Logging started
03/08/2017 13:10:41 16164 Begin Startup
03/08/2017 13:10:41 16164 Chaosauncher 0.5.4.4 on NT 6.2.9200  at C:\Users\Robert\BWAPI\Chaoslauncher\Chaoslauncher.exe
03/08/2017 13:10:41 16164 Load Settings
03/08/2017 13:10:41 16164 GamePath: C:\Users\Robert\Documents\Starcraft\
03/08/2017 13:10:41 16164 Load Plugins
03/08/2017 13:10:41 16164 AdvLoaderPluginPath: \Plugins\
03/08/2017 13:10:41 16164 Loading BWL4-Plugin C:\Users\Robert\BWAPI\Chaoslauncher\iccscbn.icc
03/08/2017 13:10:41 16164 Plugin loaded ICCup
03/08/2017 13:10:41 16164 Loading BWL4-Plugin C:\Users\Robert\BWAPI\Chaoslauncher\Plugins\APMAlert.bwl
03/08/2017 13:10:41 16164 Plugin loaded APMAlert (1.16.1)
03/08/2017 13:10:41 16164 Loading BWL4-Plugin C:\Users\Robert\BWAPI\Chaoslauncher\Plugins\BWAPI_PluginInjector.bwl
03/08/2017 13:10:41 16164 Plugin loaded BWAPI 4.2.0 Injector [RELEASE]
03/08/2017 13:10:41 16164 Loading BWL4-Plugin C:\Users\Robert\BWAPI\Chaoslauncher\Plugins\BWAPI_PluginInjectord.bwl
03/08/2017 13:10:41 16164 Plugin loaded BWAPI 4.2.0 Injector [DEBUG]
03/08/2017 13:10:41 16164 Loading BWL4-Plugin C:\Users\Robert\BWAPI\Chaoslauncher\Plugins\Chaosplugin.bwl
03/08/2017 13:10:41 16164 Plugin loaded Chaosplugin for 1.16.1
03/08/2017 13:10:41 16164 Loading BWL4-Plugin C:\Users\Robert\BWAPI\Chaoslauncher\Plugins\LatencyChanger.bwl
03/08/2017 13:10:41 16164 Plugin loaded LatencyChanger for 1.16.1
03/08/2017 13:10:41 16164 Loading BWL4-Plugin C:\Users\Robert\BWAPI\Chaoslauncher\Plugins\repfix.bwl
03/08/2017 13:10:41 16164 Plugin loaded RepFix
03/08/2017 13:10:41 16164 Loading BWL4-Plugin C:\Users\Robert\BWAPI\Chaoslauncher\Plugins\RWAPlayer.bwl
03/08/2017 13:10:41 16164 Plugin loaded RWAPlayer (1.16.1)
03/08/2017 13:10:41 16164 Loading BWL4-Plugin C:\Users\Robert\BWAPI\Chaoslauncher\Plugins\RWARecorder.bwl
03/08/2017 13:10:41 16164 Plugin loaded RWARecorder (1.16.1)
03/08/2017 13:10:41 16164 Loading BWL4-Plugin C:\Users\Robert\BWAPI\Chaoslauncher\Plugins\Stormplugin.bwl
03/08/2017 13:10:41 16164 Plugin loaded Stormplugin for 1.16.1
03/08/2017 13:10:41 16164 Loading BWL4-Plugin C:\Users\Robert\BWAPI\Chaoslauncher\Plugins\wmode.bwl
03/08/2017 13:10:41 16164 Plugin loaded W-MODE 1.02
03/08/2017 13:10:41 16164 Load Tools
03/08/2017 13:10:41 16164 Init GUI
03/08/2017 13:10:41 16164 Get Starcraftversions
03/08/2017 13:10:41 16164 Init complete
03/08/2017 13:10:44 16164 Startbutton
03/08/2017 13:10:44 16164 Starting Game Starcraft 1.16.1 C:\Users\Robert\Documents\Starcraft\StarCraft.exe
03/08/2017 13:10:44 16164 BWAPI 4.2.0 Injector [RELEASE] Version  Compatible RunIncompatible
03/08/2017 13:10:44 16164 Obtained DebugPrivilege
03/08/2017 13:10:44 16164 CreateProcess
03/08/2017 13:10:44 16164 Call ScSuspended for all active Plugins
03/08/2017 13:10:44 16164 ApplyPatchSuspended for BWAPI 4.2.0 Injector [RELEASE]
03/08/2017 13:10:44 16164 ResumeThread
03/08/2017 13:10:44 16164 WaitForInputIdle
03/08/2017 13:10:44 16164 Call ScWindowCreated for all active Plugins
03/08/2017 13:10:44 16164 ApplyPatch for BWAPI 4.2.0 Injector [RELEASE]
03/08/2017 13:10:44 16164 Starting Starcraft completed
03/08/2017 13:17:07 16164 Startbutton
03/08/2017 13:17:07 16164 Starting Game Starcraft 1.16.1 C:\Users\Robert\Documents\Starcraft\StarCraft.exe
03/08/2017 13:17:07 16164 BWAPI 4.2.0 Injector [RELEASE] Version  Compatible RunIncompatible
03/08/2017 13:17:07 16164 Obtained DebugPrivilege
03/08/2017 13:17:07 16164 CreateProcess
03/08/2017 13:17:07 16164 Call ScSuspended for all active Plugins
03/08/2017 13:17:07 16164 ApplyPatchSuspended for BWAPI 4.2.0 Injector [RELEASE]
03/08/2017 13:17:07 16164 ResumeThread
03/08/2017 13:17:07 16164 WaitForInputIdle
03/08/2017 13:17:07 16164 Call ScWindowCreated for all active Plugins
03/08/2017 13:17:07 16164 ApplyPatch for BWAPI 4.2.0 Injector [RELEASE]
03/08/2017 13:17:07 16164 Starting Starcraft completed
