c:\users\robert\bwapi\exampleaimodule\release\belisarius.lib
c:\users\robert\bwapi\exampleaimodule\release\belisarius.exp
c:\users\robert\bwapi\release\belisarius.ipdb
c:\users\robert\bwapi\release\belisarius.iobj
c:\users\robert\bwapi\exampleaimodule\release\exampleaimodule.obj
c:\users\robert\bwapi\exampleaimodule\release\dll.obj
c:\users\robert\bwapi\exampleaimodule\release\vc141.pdb
c:\users\robert\bwapi\exampleaimodule\release\agent.obj
c:\users\robert\bwapi\exampleaimodule\release\tacticalmanager.obj
c:\users\robert\bwapi\exampleaimodule\release\advesarialintelligencemanager.obj
c:\users\robert\bwapi\exampleaimodule\release\buildordermanager.obj
c:\users\robert\bwapi\exampleaimodule\release\strategymanager.obj
c:\users\robert\bwapi\exampleaimodule\release\scoutmanager.obj
c:\users\robert\bwapi\exampleaimodule\release\buildingmanager.obj
c:\users\robert\bwapi\exampleaimodule\release\belisarius.obj
c:\users\robert\bwapi\exampleaimodule\release\resourcemanager.obj
c:\users\robert\bwapi\exampleaimodule\release\constructionmanager.obj
c:\users\robert\bwapi\exampleaimodule\release\vc140.pdb
c:\users\robert\bwapi\release\belisarius.dll
c:\users\robert\bwapi\release\belisarius.pdb
c:\users\robert\bwapi\exampleaimodule\release\exampleaimodule.exp
c:\users\robert\bwapi\exampleaimodule\release\belisarius.tlog\belisarius.write.1u.tlog
c:\users\robert\bwapi\exampleaimodule\release\belisarius.tlog\cl.command.1.tlog
c:\users\robert\bwapi\exampleaimodule\release\belisarius.tlog\cl.read.1.tlog
c:\users\robert\bwapi\exampleaimodule\release\belisarius.tlog\cl.write.1.tlog
c:\users\robert\bwapi\exampleaimodule\release\belisarius.tlog\link.command.1.tlog
c:\users\robert\bwapi\exampleaimodule\release\belisarius.tlog\link.read.1.tlog
c:\users\robert\bwapi\exampleaimodule\release\belisarius.tlog\link.write.1.tlog
