C:\Program Files (x86)\MSBuild\Microsoft.Cpp\v4.0\V140\Microsoft.CppBuild.targets(392,5): warning MSB8028: The intermediate directory (Release\) contains files shared from another project (ExampleAIModule.vcxproj).  This can lead to incorrect clean and rebuild behavior.
  BuildingManager.cpp
  StrategyManager.cpp
  TacticalManager.cpp
BuildingManager.cpp(52): warning C4018: '<': signed/unsigned mismatch
BuildingManager.cpp(127): warning C4018: '<': signed/unsigned mismatch
BuildingManager.cpp(137): warning C4018: '<': signed/unsigned mismatch
BuildingManager.cpp(159): warning C4018: '<': signed/unsigned mismatch
BuildingManager.cpp(165): warning C4018: '<': signed/unsigned mismatch
BuildingManager.cpp(174): warning C4018: '<': signed/unsigned mismatch
BuildingManager.cpp(180): warning C4018: '<': signed/unsigned mismatch
     Creating library Release\Belisarius.lib and object Release\Belisarius.exp
  Generating code
c:\users\robert\bwapi\cloudconnector\connector.cpp(69): warning C4715: 'Connectors::Connector::getBOMBOrder': not all control paths return a value
  505 of 9736 functions ( 5.2%) were compiled, the rest were copied from previous compilation.
    4 functions were new in current compilation
    34 functions had inline decision re-evaluated but remain unchanged
  Finished generating code
  ExampleAIModule.vcxproj -> C:\Users\Robert\BWAPI\Release\Belisarius.dll
  ExampleAIModule.vcxproj -> C:\Users\Robert\BWAPI\Release\Belisarius.pdb (Full PDB)
