C:\Program Files (x86)\MSBuild\Microsoft.Cpp\v4.0\V140\Microsoft.CppBuild.targets(392,5): warning MSB8028: The intermediate directory (Release\) contains files shared from another project (ExampleAIModule.vcxproj).  This can lead to incorrect clean and rebuild behavior.
  AdvesarialIntelligenceManager.cpp
  Agent.cpp
  BuildOrderManager.cpp
  BuildingManager.cpp
  ConstructionManager.cpp
  ResourceManager.cpp
  ScoutManager.cpp
  Belisarius.cpp
ConstructionManager.cpp(20): warning C4018: '<': signed/unsigned mismatch
ConstructionManager.cpp(32): warning C4018: '<': signed/unsigned mismatch
  Dll.cpp
  StrategyManager.cpp
  TacticalManager.cpp
     Creating library Release\Belisarius.lib and object Release\Belisarius.exp
  Generating code
  551 of 4720 functions (11.7%) were compiled, the rest were copied from previous compilation.
    10 functions were new in current compilation
    21 functions had inline decision re-evaluated but remain unchanged
  Finished generating code
  ExampleAIModule.vcxproj -> C:\Users\Robert\BWAPI\Release\Belisarius.dll
  ExampleAIModule.vcxproj -> C:\Users\Robert\BWAPI\Release\Belisarius.pdb (Full PDB)
